Info[000]: --------------------------------------------------------------------
Info[000]: JAMS version : 3.11_00 (20190710)
Info[000]: User name    : bolibarj
Info[000]: Date/time    : 03/12/19 11:18
Info[000]: --------------------------------------------------------------------
Info[000]: 
Info[000]: Created class loader using 
Info[000]: 	file:/C:/Jordi/PhD/Java/J2K/jams/jams-bin/components/J2Kg.jar
Info[000]: 	file:/C:/Jordi/PhD/Java/J2K/jams/jams-bin/../../jamsmodels/nbprojects/components/J2K_base.jar
Info[000]: 	file:/C:/Jordi/PhD/Java/J2K/jams/jams-bin/../../jamsmodels/nbprojects/components/J2K_ext.jar
Info[000]: 	file:/C:/Jordi/PhD/Java/J2K/jams/jams-bin/components/J2K_base.jar
Info[000]: 	file:/C:/Jordi/PhD/Java/J2K/jams/jams-bin/components/J2K_ext.jar
Info[000]: 	file:/C:/Jordi/PhD/Java/J2K/jams/jams-bin/../../jamsmodels/nbprojects/components/J2Kg.jar
Info[000]: 	file:/C:/Jordi/PhD/Java/J2K/jams/jams-bin/components/J2K_Irstea.jar
Info[000]: 	file:/C:/Jordi/PhD/Java/J2K/jams/jams-bin/components/jams-components.jar
Info[000]: 
Info[000]: Loading Model
Info[000]: No workspace defined, will use default directory instead: C:\Jordi\PhD\Java\J2K\jamsmodeldata\J2K_Ardeche
Info[000]: 
Info[000]: --------------------------------------------------------------------
Info[000]: Model      : J2K_RHONE
Info[000]: Workspace  : C:\Jordi\PhD\Java\J2K\jamsmodeldata\J2K_Ardeche
Info[000]: Model file : C:\Jordi\PhD\Java\J2K\jamsmodeldata\J2K_Ardeche\J2K_Natural_Ardeche.jam
Info[000]: Author     : 
Info[000]: Model date : 1970-01-01 00:00
Info[000]: --------------------------------------------------------------------
Info[000]: Components:
Info[000]: [id=001, class=jams.components.core.Context, version=1.0_0]
Info[000]: [id=002, class=org.unijena.j2k.io.StandardEntityReader, version=1.3]
Info[000]: [id=003, class=org.unijena.j2k.io.StandardLUReader, version=1.1_0]
Info[000]: [id=004, class=org.unijena.j2k.io.StandardSoilParaReader, version=1.0_0]
Info[000]: [id=005, class=org.unijena.j2k.io.StandardGroundwaterParaReader, version=1.1_0]
Info[000]: [id=006, class=jams.components.core.SpatialContext, version=1.0_0]
Info[000]: [id=007, class=org.unijena.j2k.aggregate.SumAggregator, version=1.0_0]
Info[000]: [id=008, class=org.unijena.j2k.CalcAreaWeight, version=1.0_0]
Info[000]: [id=009, class=tools.CalcLanduseStateVars_cropcoeff_LAI_sa, version=1.0_1]
Info[000]: [id=010, class=soil.InitJ2KProcessLumpedSoilWaterStates_sa, version=1.0_0]
Info[000]: [id=011, class=soil.InitJ2KProcessGroundwater_sa, version=1.0_0]
Info[000]: [id=012, class=jams.components.conditional.FilteredSpatialContext, version=1.2_0]
Info[000]: [id=013, class=org.unijena.j2k.aggregate.WeightedSumAggregator, version=1.0]
Info[000]: [id=014, class=jams.components.core.TemporalContext, version=1.0_1]
Info[000]: [id=015, class=jams.components.gui.JAMSExecInfo, version=1.1_0]
Info[000]: [id=016, class=org.unijena.j2k.DoubleSetter, version=1.0_0]
Info[000]: [id=017, class=jams.components.io.TSDataStoreReader, version=1.2]
Info[000]: [id=018, class=tools.J2KArrayGrabber_cropcoeff_LAI, version=1.0_0]
Info[000]: [id=019, class=org.unijena.j2000g.lowmem.Regionalisation, version=1.0_0]
Info[000]: [id=020, class=crop.CropCoefficient, version=0.1_0]
Info[000]: [id=021, class=snow.CalcRainSnowParts_IRSTEA, version=1.0_0]
Info[000]: [id=022, class=interception.J2KProcessInterception_conv_potET, version=1.0_0]
Info[000]: [id=023, class=snow.J2KProcessSnow_IRSTEA, version=1.0_0]
Info[000]: [id=024, class=soil.J2KProcessLumpedSoilWater_Tom_Ivan_sa, version=1.1_0]
Info[000]: [id=025, class=soil.J2KProcessGroundwater_satRG1_sa, version=1.0_2]
Info[000]: [id=026, class=jams.components.datatransfer.DoubleTransfer, version=1.0_0]
Info[000]: [id=027, class=routing.J2KProcessReachRouting_sa, version=1.0_1]
Info[000]: [id=028, class=jams.components.conditional.SwitchContext, version=1.0_1]
Info[000]: [id=029, class=jams.components.tools.JAMSUnitConverter, version=1.0_0]
Info[000]: --------------------------------------------------------------------
Info[000]: Model setup time: 391 ms
Info[000]: --------------------------------------------------------------------
Info[000]: 
Info[000]: Starting Simulation
Info[000]: --------------------------------------------------------------------
Info[002]: Model entities read successfully. This resulted in 1466 HRUs / 143 reaches overall.
Info[002]: Model entities ordered and subsetted successfully. This resulted in 1466 HRUs / 143 reaches.
Info[000]: --------------------------------------------------------------------
Info[000]: Model execution time: 110155 ms
Info[000]: --------------------------------------------------------------------
