# Thornthwaite model output
# 
time	daylength	potet	snowMelt	runoff	soilMoistStor
1960-01-01 00:00	9.33255896071047	15.047297791099853	0.0	15.0	179.09225530890015
1960-02-01 00:00	10.507190826128427	17.14014183655309	0.0	15.985943917234707	200.0
1960-03-01 00:00	11.991759950871064	28.199341928763687	0.0	14.844015602634869	200.0
1960-04-01 00:00	13.65051396297922	74.98422627795331	0.0	13.359614042371383	173.4733276220467
1960-05-01 00:00	15.050936226789666	110.66605518660502	0.0	13.363757981678413	200.0
1960-06-01 00:00	15.799406660430348	171.3897109893968	0.0	12.027382183510573	103.2862991106032
1960-07-01 00:00	15.442932668826764	179.67945619621918	0.0	10.824643965159517	88.89226200845678
1960-08-01 00:00	14.182514991311116	155.1852203117197	0.0	9.742179568643564	59.06727705974112
1960-09-01 00:00	12.557289510138974	98.01216138965108	0.0	8.767961611779208	48.02440416240911
1960-10-01 00:00	10.972153042310678	53.2625944976428	0.0	7.891165450601289	110.38824366476632
1960-11-01 00:00	9.604174654535178	25.25709273170095	0.0	7.102048905541159	103.86246881673695
1960-12-01 00:00	8.957607286548047	14.238881849199554	0.0	6.3918440149870435	174.0926879675374
1961-01-01 00:00	9.33255896071047	14.615931746863026	0.0	5.752659613488339	170.0911306732075
1961-02-01 00:00	10.507190826128427	21.807851228688335	0.0	5.1773936521395045	191.83016974451914
1961-03-01 00:00	11.991759950871064	41.522043292436834	0.0	8.687710432133786	200.0
1961-04-01 00:00	13.65051396297922	64.93433962484482	0.0	7.818939388920407	162.10254847515517
1961-05-01 00:00	15.050936226789666	113.4969904386497	0.0	7.0370454500283675	172.13422903650547
1961-06-01 00:00	15.799406660430348	152.97480997149174	0.0	6.333340905025531	136.54038117389356
1961-07-01 00:00	15.442932668826764	178.30933781619967	0.0	5.700006814522978	105.9621697625
1961-08-01 00:00	14.182514991311116	144.3012899156405	0.0	5.13000613307068	74.24748317497414
1961-09-01 00:00	12.557289510138974	85.07102530353163	0.0	4.6170055197636115	130.0053458714425
1961-10-01 00:00	10.972153042310678	50.271795400333524	0.0	4.155304967787251	146.19688357110897
1961-11-01 00:00	9.604174654535178	21.580939455934647	0.0	5.5965471025259586	200.0
1961-12-01 00:00	8.957607286548047	14.124901878802932	0.0	7.719446534393069	200.0
1962-01-01 00:00	9.33255896071047	13.005648163520474	0.0	8.570759274601714	200.0
1962-02-01 00:00	10.507190826128427	23.461691996140427	0.0	7.774869647527502	200.0
1962-03-01 00:00	11.991759950871064	36.01206543984536	0.0	7.338820638790217	200.0
1962-04-01 00:00	13.65051396297922	65.0338219801465	0.0	7.4139343068965475	200.0
1962-05-01 00:00	15.050936226789666	142.35791062165424	0.0	6.6725408762068925	105.87387037834576
1962-06-01 00:00	15.799406660430348	156.88807743207957	0.0	6.005286788586204	132.6277909462662
1962-07-01 00:00	15.442932668826764	193.60184231226933	0.0	5.404758109727584	60.500928076296674
1962-08-01 00:00	14.182514991311116	164.48052110593366	0.0	4.8642822987548255	23.789883594147263
1962-09-01 00:00	12.557289510138974	88.59317279782614	0.0	4.377854068879343	81.30315579632114
1962-10-01 00:00	10.972153042310678	54.813575282663145	0.0	3.9400686619914085	112.45446241365798
1962-11-01 00:00	9.604174654535178	23.893661251587073	0.0	3.546061795792268	134.4783579620709
1962-12-01 00:00	8.957607286548047	16.124812001544985	0.0	3.1914556162130414	149.5391004605259
1963-01-01 00:00	9.33255896071047	0.0	0.0	2.8723100545917375	149.5391004605259
1963-02-01 00:00	10.507190826128427	20.2318427569929	5.77144385	8.356522899132564	139.32852155225814
1963-03-01 00:00	11.991759950871064	44.46625474177752	2.885721925	5.2122930692193075	151.36315181048062
1963-04-01 00:00	13.65051396297922	80.20901693172647	1.4428609625	3.536774992297376	136.70975900059656
1963-05-01 00:00	15.050936226789666	127.40318690917513	0.72143048125	2.6059531080676392	89.65284130915043
1963-06-01 00:00	15.799406660430348	180.0636492496414	0.360715240625	2.0567856047608752	43.8408952332827
1963-07-01 00:00	15.442932668826764	208.2840570377951	0.1803576203125	1.7068209480347878	19.793323781501112
1963-08-01 00:00	14.182514991311116	170.70139105085929	0.09017881015625	1.463995805106309	6.762383037849391
1963-09-01 00:00	12.557289510138974	99.7147729471	0.045089405078125	1.2815247005331782	5.222990628175677
1963-10-01 00:00	10.972153042310678	66.11983018149647	0.0225447025390625	1.1353364684486105	3.980497817218237
1963-11-01 00:00	9.604174654535178	25.80424505327924	0.01127235126953125	1.0127849405881244	20.368467763938995
1963-12-01 00:00	8.957607286548047	12.17574216087595	0.005636175634765625	0.9069975060214996	35.032060103063046
1964-01-01 00:00	9.33255896071047	16.994712341357324	0.0028180878173828124	0.8140432851654433	36.35356896170572
1964-02-01 00:00	10.507190826128427	18.911708853321787	0.0014090439086914062	0.731511721521946	70.24563590838393
1964-03-01 00:00	11.991759950871064	36.31655990780154	7.045219543457031E-4	0.6577969318062749	92.46196250058239
1964-04-01 00:00	13.65051396297922	77.82023764446208	3.5226097717285155E-4	0.5917354298439091	88.72505512407326
1964-05-01 00:00	15.050936226789666	126.43169327405032	1.7613048858642578E-4	0.5324209824686491	89.15225585002295
1964-06-01 00:00	15.799406660430348	169.88769789305934	8.806524429321289E-5	0.47910843202634956	46.49670381716898
1964-07-01 00:00	15.442932668826764	217.73913971530044	4.4032622146606444E-5	0.4311623627259973	1.2298827747196128
1964-08-01 00:00	14.182514991311116	162.04377459233245	2.2016311073303222E-5	0.3880285134045389	1.0364250085970328
1964-09-01 00:00	12.557289510138974	90.61635884783425	1.1008155536651611E-5	0.34921685553965576	14.362510160762778
1964-10-01 00:00	10.972153042310678	46.692343515296756	5.5040777683258055E-6	0.31429076672347556	12.764544424526617
1964-11-01 00:00	9.604174654535178	25.538970578364413	2.7520388841629027E-6	0.2828594884200206	120.66023584616221
1964-12-01 00:00	8.957607286548047	14.993893865257958	1.3760194420814514E-6	0.2545724387624649	131.57434098090425
1965-01-01 00:00	9.33255896071047	17.34295046536697	6.880097210407257E-7	0.2291146444784416	149.36805581553728
1965-02-01 00:00	10.507190826128427	19.397790194129904	3.4400486052036284E-7	0.20620290482670903	170.92070892140737
1965-03-01 00:00	11.991759950871064	28.005746468395877	1.7200243026018142E-7	0.18558247674209394	177.57185335301148
1965-04-01 00:00	13.65051396297922	79.53650785253944	8.600121513009071E-8	0.16702416026691244	164.66172743496847
1965-05-01 00:00	15.050936226789666	124.41570463837785	4.3000607565045355E-8	0.15032170983973517	152.84803998883643
1965-06-01 00:00	15.799406660430348	163.25845431147252	2.1500303782522678E-8	0.1352895216555186	112.95163059658692
1965-07-01 00:00	15.442932668826764	202.77821074785018	1.0750151891261339E-8	0.12176056088984523	27.00912761596271
1965-08-01 00:00	14.182514991311116	155.06651257510467	5.3750759456306694E-9	0.10958450050079996	17.894498094338914
1965-09-01 00:00	12.557289510138974	93.07676876061684	2.6875379728153347E-9	0.09862604830068959	55.65594033372207
1965-10-01 00:00	10.972153042310678	49.055416831732856	1.3437689864076674E-9	0.08876344239560545	53.78532059998433
1965-11-01 00:00	9.604174654535178	28.789068874988537	6.718844932038337E-10	0.07988709761853731	49.39023490065917
1965-12-01 00:00	8.957607286548047	18.92941852275107	3.3594224660191684E-10	0.07189838758792978	76.6041497779081
1966-01-01 00:00	9.33255896071047	13.135707562134046	1.6797112330095842E-10	0.06470854869475992	91.94466521577407
1966-02-01 00:00	10.507190826128427	18.21770009519534	8.398556165047921E-11	0.058237693758095475	134.2636320205787
1966-03-01 00:00	11.991759950871064	42.48654034015658	4.1992780825239605E-11	0.05241392434869171	119.85648262663418
1966-04-01 00:00	13.65051396297922	65.55860916244464	2.0996390412619802E-11	0.04717253189702543	158.83299146418955
1966-05-01 00:00	15.050936226789666	114.19412273278027	1.0498195206309901E-11	0.04245527869892433	101.56195358626142
1966-06-01 00:00	15.799406660430348	168.20559253938524	5.249097603154951E-12	0.03820975082483262	41.21133627831021
1966-07-01 00:00	15.442932668826764	217.7390884159652	2.6245488015774753E-12	0.03438877574024971	11.232108014097072
1966-08-01 00:00	14.182514991311116	139.04256786269522	1.3122744007887377E-12	0.030949898165174922	11.113702003311115
1966-09-01 00:00	12.557289510138974	82.9173870177482	6.561372003943688E-13	0.027854908348132527	10.04254777182388
1966-10-01 00:00	10.972153042310678	46.46061139296824	3.280686001971844E-13	0.025069417513056816	8.615169681979989
1966-11-01 00:00	9.604174654535178	27.381289997507455	1.640343000985922E-13	0.02256247576161991	8.25507653285809
1966-12-01 00:00	8.957607286548047	14.375772289610605	8.20171500492961E-14	0.020306228185392308	21.988637243247485
1967-01-01 00:00	9.33255896071047	17.38947490094446	4.100857502464805E-14	0.01827560536682027	21.851607947832523
1967-02-01 00:00	10.507190826128427	19.985578121230915	2.0504287512324026E-14	0.01644804483012184	20.91684228624898
1967-03-01 00:00	11.991759950871064	48.4835501231274	1.0252143756162013E-14	0.014803240347101454	19.29664725361863
1967-04-01 00:00	13.65051396297922	81.50872464064769	5.1260718780810065E-15	0.013322916312387209	69.86792461297095
1967-05-01 00:00	15.050936226789666	108.15379944240435	2.5630359390405032E-15	0.011990624681146438	78.4694501705666
1967-06-01 00:00	15.799406660430348	168.01254007622722	1.2815179695202516E-15	0.01079156221303077	52.78915141579735
1967-07-01 00:00	15.442932668826764	173.1976023647665	6.407589847601258E-16	0.00971240599172718	30.8296724796661
1967-08-01 00:00	14.182514991311116	143.14613636493968	3.203794923800629E-16	0.008741165392554207	16.111770511051795
1967-09-01 00:00	12.557289510138974	81.65768021057339	1.6018974619003145E-16	0.007867048853298655	63.034534300478406
1967-10-01 00:00	10.972153042310678	49.850293986444	8.009487309501573E-17	0.007080343967968727	98.10490221403441
1967-11-01 00:00	9.604174654535178	22.638458222918047	4.004743654750786E-17	0.006372309571171823	96.34467510632219
1967-12-01 00:00	8.957607286548047	15.242689730905822	2.002371827375393E-17	0.005735078614054625	127.80976047541637
1968-01-01 00:00	9.33255896071047	15.36739093617791	1.0011859136876966E-17	0.0051615707526491555	177.86148273923845
1968-02-01 00:00	10.507190826128427	18.72445993591259	5.005929568438483E-18	0.004645413677384236	188.82680020332586
1968-03-01 00:00	11.991759950871064	39.947665697018245	2.5029647842192414E-18	3.3361838329404088	200.0
1968-04-01 00:00	13.65051396297922	67.10711212775036	1.2514823921096207E-18	4.371876666871333	200.0
1968-05-01 00:00	15.050936226789666	106.83731486345809	6.257411960548104E-19	10.37338031383839	200.0
1968-06-01 00:00	15.799406660430348	165.2702361339331	3.128705980274052E-19	9.336042282454553	135.76531686606688
1968-07-01 00:00	15.442932668826764	180.57561188593576	1.564352990137026E-19	8.402438054209098	66.92396401217472
1968-08-01 00:00	14.182514991311116	156.0189404880086	7.82176495068513E-20	7.562194248788187	44.49296423389363
1968-09-01 00:00	12.557289510138974	85.1687749772808	3.910882475342565E-20	6.805974823909368	43.36415337643605
1968-10-01 00:00	10.972153042310678	50.735670613602004	1.9554412376712824E-20	6.125377341518432	53.36270516283405
1968-11-01 00:00	9.604174654535178	21.713496049356877	9.777206188356412E-21	5.512839607366589	152.01699211347716
1968-12-01 00:00	8.957607286548047	14.17363927241929	4.888603094178206E-21	4.96155564662993	187.90957984105785
1969-01-01 00:00	9.33255896071047	16.344070102747303	2.444301547089103E-21	5.4629952957979935	200.0
1969-02-01 00:00	10.507190826128427	20.924836821767705	1.2221507735445515E-21	8.894811834041425	200.0
1969-03-01 00:00	11.991759950871064	29.524617085935212	6.110753867722757E-22	12.528935532043763	200.0
1969-04-01 00:00	13.65051396297922	71.39944877822292	3.0553769338613787E-22	11.276041978839388	198.2812153217771
1969-05-01 00:00	15.050936226789666	118.87650938273175	1.5276884669306894E-22	11.82184137485998	200.0
1969-06-01 00:00	15.799406660430348	160.04163877628832	7.638442334653447E-23	10.639657237373983	146.6101482237117
1969-07-01 00:00	15.442932668826764	217.9892784751441	3.8192211673267234E-23	9.575691513636585	15.114567555306223
1969-08-01 00:00	14.182514991311116	160.31657049812733	1.9096105836633617E-23	8.618122362272926	8.915469870490458
1969-09-01 00:00	12.557289510138974	93.61265479856344	9.548052918316808E-24	7.7563101260456335	8.507874817276809
1969-10-01 00:00	10.972153042310678	44.46011578624176	4.774026459158404E-24	6.98067911344107	71.71554503103506
1969-11-01 00:00	9.604174654535178	23.217575368623024	2.387013229579202E-24	6.282611202096963	68.03525534410667
1969-12-01 00:00	8.957607286548047	15.849480476448438	1.193506614789601E-24	5.654350081887268	102.75999746765824
1970-01-01 00:00	9.33255896071047	13.09555228421283	5.967533073948005E-25	5.088915073698541	100.45417937984257
1970-02-01 00:00	10.507190826128427	21.649849764108005	2.9837665369740026E-25	4.580023566328687	105.27677221573457
1970-03-01 00:00	11.991759950871064	32.95239269786685	1.4918832684870013E-25	4.122021209695819	143.7548223178677
1970-04-01 00:00	13.65051396297922	69.59191305998945	7.459416342435007E-26	3.709819088726237	187.19290025787825
1970-05-01 00:00	15.050936226789666	125.03626047184146	3.7297081712175033E-26	3.3388371798536136	121.93679549296033
1970-06-01 00:00	15.799406660430348	167.11476790233837	1.8648540856087517E-26	3.0049534618682525	63.84048849052
1970-07-01 00:00	15.442932668826764	198.0989320395317	9.324270428043758E-27	2.7044581156814274	12.435120540432415
1970-08-01 00:00	14.182514991311116	173.60023224882337	4.662135214021879E-27	2.434012304113285	4.757828401410314
1970-09-01 00:00	12.557289510138974	97.15319785763653	2.3310676070109396E-27	2.190611073701956	68.89462354377379
1970-10-01 00:00	10.972153042310678	44.46011578624176	1.1655338035054698E-27	1.9715499663317606	130.352506757532
1970-11-01 00:00	9.604174654535178	21.939031238629468	5.827669017527349E-28	1.7743949696985846	130.53969621890255
1970-12-01 00:00	8.957607286548047	17.845991468132755	2.9138345087636745E-28	1.596955472728726	131.1792603507698
1971-01-01 00:00	9.33255896071047	15.320411464225568	1.4569172543818372E-28	1.4372599254558536	145.88729318654424
1971-02-01 00:00	10.507190826128427	19.066574751152093	7.284586271909186E-29	1.2935339329102682	175.05249563539215
1971-03-01 00:00	11.991759950871064	38.13991831412638	3.642293135954593E-29	1.1641805396192415	150.93325048325505
1971-04-01 00:00	13.65051396297922	70.58436846376871	1.8211465679772965E-29	1.0477624856573173	134.3839758596033
1971-05-01 00:00	15.050936226789666	112.71782536140981	9.105732839886483E-30	0.9429862370915855	108.82291372769723
1971-06-01 00:00	15.799406660430348	181.51663124820803	4.552866419943241E-30	0.848687613382427	62.09896444865322
1971-07-01 00:00	15.442932668826764	192.27275161271842	2.2764332099716207E-30	0.7638188520441843	34.190901599323716
1971-08-01 00:00	14.182514991311116	140.59431333536506	1.1382166049858103E-30	0.687436966839766	22.627561169999872
1971-09-01 00:00	12.557289510138974	91.17297353864656	5.691083024929052E-31	0.6186932701557893	54.98323563135332
1971-10-01 00:00	10.972153042310678	53.160774311157276	2.845541512464526E-31	0.5568239431402104	119.62201432019606
1971-11-01 00:00	9.604174654535178	24.18808389019326	1.422770756232263E-31	0.5011415488261894	134.6910410300028
1971-12-01 00:00	8.957607286548047	16.9733270758412	7.113853781161315E-32	3.2717992893597287	200.0
1972-01-01 00:00	9.33255896071047	14.926846793324922	3.5569268905806573E-32	2.944619360423756	194.64048642667507
1972-02-01 00:00	10.507190826128427	22.23505361600635	1.7784634452903286E-32	2.6501574243813804	186.1025282398185
1972-03-01 00:00	11.991759950871064	45.62119809894305	8.892317226451643E-33	2.3851416819432423	160.43229027771946
1972-04-01 00:00	13.65051396297922	77.58232660563077	4.4461586132258216E-33	2.146627513748918	161.3359637720887
1972-05-01 00:00	15.050936226789666	114.01945957013237	2.2230793066129108E-33	1.9319647623740264	137.79426089374812
1972-06-01 00:00	15.799406660430348	174.16695368618613	1.1115396533064554E-33	1.7387682861366238	63.97844367491368
1972-07-01 00:00	15.442932668826764	182.87064787050184	5.557698266532277E-34	1.5648914575229613	28.374727874192317
1972-08-01 00:00	14.182514991311116	155.89959597015653	2.7788491332661385E-34	1.4084023117706652	15.369764942410034
1972-09-01 00:00	12.557289510138974	100.4040540658243	1.3894245666330693E-34	1.2675620805935988	13.535737902884684
1972-10-01 00:00	10.972153042310678	48.25471661140162	6.947122833165346E-35	1.1408058725342387	102.21524029148307
1972-11-01 00:00	9.604174654535178	18.897093107142187	3.473561416582673E-35	1.0267252852808149	189.26436718434087
1972-12-01 00:00	8.957607286548047	12.954529118933802	1.7367807082913366E-35	1.5353033232934405	200.0
1973-01-01 00:00	9.33255896071047	13.695268445514536	8.683903541456683E-36	7.333090416412644	200.0
1973-02-01 00:00	10.507190826128427	19.524401533099276	4.3419517707283414E-36	8.03400809146145	200.0
1973-03-01 00:00	11.991759950871064	42.649454977198296	2.1709758853641707E-36	21.973327784595472	200.0
1973-04-01 00:00	13.65051396297922	59.462855810654084	1.0854879426820854E-36	26.35190862507052	200.0
1973-05-01 00:00	15.050936226789666	109.6122319654729	5.427439713410427E-37	23.71671776256347	180.6706507345271
1973-06-01 00:00	15.799406660430348	161.82773947719645	2.7137198567052134E-37	21.345045986307124	154.02738521482863
1973-07-01 00:00	15.442932668826764	186.47510398440838	1.3568599283526067E-37	19.21054138767641	83.14125064425431
1973-08-01 00:00	14.182514991311116	154.1198625105714	6.784299641763033E-38	17.289487248908767	36.68262261441272
1973-09-01 00:00	12.557289510138974	87.54827271264179	3.3921498208815167E-38	15.560538524017893	137.2636989017709
1973-10-01 00:00	10.972153042310678	53.89828417992019	1.6960749104407584E-38	14.004484671616105	173.3942996218507
1973-11-01 00:00	9.604174654535178	26.65747973581492	8.480374552203792E-39	16.52614043305807	200.0
1973-12-01 00:00	8.957607286548047	15.465987141389089	4.240187276101896E-39	17.88763896561336	200.0
1974-01-01 00:00	9.33255896071047	14.284130147512611	2.120093638050948E-39	16.564173144300764	200.0
1974-02-01 00:00	10.507190826128427	22.96420841203348	1.060046819025474E-39	16.06009063866734	200.0
1974-03-01 00:00	11.991759950871064	46.877854005712884	5.30023409512737E-40	16.768230224229317	200.0
1974-04-01 00:00	13.65051396297922	72.36230373273521	2.650117047563685E-40	17.490243048532864	200.0
1974-05-01 00:00	15.050936226789666	133.6462146079353	1.3250585237818425E-40	15.74121874367958	162.81733979206473
1974-06-01 00:00	15.799406660430348	156.04971187136766	6.625292618909212E-41	14.16709686931162	115.77946204395182
1974-07-01 00:00	15.442932668826764	206.616737423987	3.312646309454606E-41	12.750387182380459	8.128833930385412
1974-08-01 00:00	14.182514991311116	144.30125591826058	1.656323154727303E-41	11.475348464142414	14.223803012124819
1974-09-01 00:00	12.557289510138974	70.22792418730863	8.281615773636515E-42	10.327813617728173	105.90678282481618
1974-10-01 00:00	10.972153042310678	50.658074928109876	4.140807886818258E-42	9.295032255955356	174.88271089670633
1974-11-01 00:00	9.604174654535178	23.39597087856961	2.070403943409129E-42	12.387268982173493	200.0
1974-12-01 00:00	8.957607286548047	15.05138971433811	1.0352019717045644E-42	14.19282556252233	200.0
1975-01-01 00:00	9.33255896071047	16.910368880783416	5.176009858522822E-43	16.128639538191756	200.0
1975-02-01 00:00	10.507190826128427	17.426610853226475	2.588004929261411E-43	19.741180909049934	200.0
1975-03-01 00:00	11.991759950871064	34.31668672156074	1.2940024646307055E-43	22.497260905988867	200.0
1975-04-01 00:00	13.65051396297922	67.05577947598206	6.470012323153528E-44	20.247534815389983	184.25221922401795
1975-05-01 00:00	15.050936226789666	116.71264820172296	3.235006161576764E-44	22.505562336080487	200.0
1975-06-01 00:00	15.799406660430348	161.33301977906837	1.617503080788382E-44	20.255006102472436	161.68764022093166
1975-07-01 00:00	15.442932668826764	180.43744057288606	8.08751540394191E-45	18.229505492225194	88.07314567683629
1975-08-01 00:00	14.182514991311116	157.21772521577702	4.043757701970955E-45	16.40655494300267	51.31447163922703
1975-09-01 00:00	12.557289510138974	80.23269063988268	2.0218788509854774E-45	14.765899448702406	46.471005333754135
1975-10-01 00:00	10.972153042310678	51.57753812257612	1.0109394254927387E-45	13.289309503832165	40.30327351824464
1975-11-01 00:00	9.604174654535178	24.308726952027083	5.0546971274636935E-46	11.960378553448948	90.95276796621755
1975-12-01 00:00	8.957607286548047	16.317256973659667	2.5273485637318468E-46	10.764340698104053	114.09017709255788
1976-01-01 00:00	9.33255896071047	15.887684398613972	1.2636742818659234E-46	9.687906628293648	106.52427689677039
1976-02-01 00:00	10.507190826128427	29.110597902717654	6.318371409329617E-47	8.719115965464283	97.93395931356174
1976-03-01 00:00	11.991759950871064	42.567920908655864	3.1591857046648085E-47	7.847204368917855	118.35803900490588
1976-04-01 00:00	13.65051396297922	71.6732255176423	1.5795928523324042E-47	7.062483932026069	183.6472464872636
1976-05-01 00:00	15.050936226789666	98.54903908425119	7.897964261662021E-48	6.356235538823462	199.17241840301241
1976-06-01 00:00	15.799406660430348	156.34857944547142	3.9489821308310106E-48	5.720611984941116	104.93739513580199
1976-07-01 00:00	15.442932668826764	179.88587198531923	1.9744910654155053E-48	5.148550786447005	38.036957533652256
1976-08-01 00:00	14.182514991311116	156.0189404880086	9.872455327077526E-49	4.633695707802304	16.501563532625333
1976-09-01 00:00	12.557289510138974	86.84747653148334	4.936227663538763E-49	4.170326137022074	17.904972001141992
1976-10-01 00:00	10.972153042310678	39.44086084565403	2.4681138317693816E-49	3.7532935233198668	56.555007755487956
1976-11-01 00:00	9.604174654535178	19.336048070525155	1.2340569158846908E-49	3.37796417098788	54.73436299540948
1976-12-01 00:00	8.957607286548047	14.720967181908897	6.170284579423454E-50	3.040167753889092	60.30517251350058
1977-01-01 00:00	9.33255896071047	0.0	0.0	2.7361509785001825	60.30517251350058
1977-02-01 00:00	10.507190826128427	23.176110482925264	14.81666565	17.279201530650163	76.80950483057532
1977-03-01 00:00	11.991759950871064	43.09245417743907	7.408332825	9.624615117585147	113.30372055313626
1977-04-01 00:00	13.65051396297922	73.78857271246629	3.7041664125	5.698820475826633	117.57780804066996
1977-05-01 00:00	15.050936226789666	127.64722051832005	1.85208320625	3.6472718632439696	162.59413152234993
1977-06-01 00:00	15.799406660430348	184.88198487537156	0.926041603125	2.5417113944195733	63.15698793281901
1977-07-01 00:00	15.442932668826764	208.92274976147766	0.4630208015625	1.9171236137276157	18.375428452614038
1977-08-01 00:00	14.182514991311116	157.82060397376785	0.23151040078125	1.5402029317298542	15.333686635680484
1977-09-01 00:00	12.557289510138974	103.16971560937807	0.115755200390625	1.293578478244369	13.123152499540218
1977-10-01 00:00	10.972153042310678	51.066848554876366	0.0578776001953125	1.117918550263682	11.83344061634326
1977-11-01 00:00	9.604174654535178	25.016586656747588	0.02893880009765625	0.9829756551591888	36.121076059595666
1977-12-01 00:00	8.957607286548047	15.776858369238859	0.014469400048828124	0.8731025696042074	35.83042701391354
1978-01-01 00:00	9.33255896071047	0.0	0.0	0.7727698525998413	35.83042701391354
1978-02-01 00:00	10.507190826128427	0.0	0.0	0.6954928673398573	35.83042701391354
1978-03-01 00:00	11.991759950871064	36.219392969371164	44.09034455002441	44.71628813063028	53.74125634454238
1978-04-01 00:00	13.65051396297922	76.5500276360162	22.045172275012206	22.60852149755749	47.91408508428631
1978-05-01 00:00	15.050936226789666	113.10672995432594	11.022586137506103	11.529600437796859	113.76447812996037
1978-06-01 00:00	15.799406660430348	171.32409637549563	5.5112930687530515	5.967605939014732	70.02627988861022
1978-07-01 00:00	15.442932668826764	225.11109305732705	2.7556465343765257	3.1663281176120384	2.225675414954324
1978-08-01 00:00	14.182514991311116	162.97667901842868	1.3778232671882629	1.747436692100224	0.879970119433898
1978-09-01 00:00	12.557289510138974	106.17399310316074	0.6889116335941314	1.0215637160148965	0.6323592680186815
1978-10-01 00:00	10.972153042310678	50.793985992995104	0.3444558167970657	0.6438426909757543	0.5107538107510635
1978-11-01 00:00	9.604174654535178	24.476758783948938	0.17222790839853286	0.4416760951593526	71.87666162680213
1978-12-01 00:00	8.957607286548047	14.342799678209559	0.08611395419926643	0.32861732228400414	80.25275114859258
1979-01-01 00:00	9.33255896071047	0.0	0.0	0.21825303127626397	80.25275114859258
1979-02-01 00:00	10.507190826128427	15.288633889246482	23.806168077099635	24.002595805248273	98.0405637593461
1979-03-01 00:00	11.991759950871064	40.362591946200425	11.903084038549817	12.079868993883592	152.13774961314567
1979-04-01 00:00	13.65051396297922	65.78481453293854	5.951542019274909	6.110648479075305	161.00071648020713
1979-05-01 00:00	15.050936226789666	108.07104256667147	2.9757710096374543	3.2681110148113763	200.0
1979-06-01 00:00	15.799406660430348	160.47094050413816	1.4878855048187272	1.750991509475257	152.10750449586186
1979-07-01 00:00	15.442932668826764	189.93243340802186	0.7439427524093636	0.9807381566002404	92.07490074965423
1979-08-01 00:00	14.182514991311116	150.1606738273855	0.3719713762046818	0.585087239976471	54.90701855374127
1979-09-01 00:00	12.557289510138974	90.54702123059658	0.1859856881023409	0.3777899654969512	39.385011180030645
1979-10-01 00:00	10.972153042310678	55.25588726820129	0.09299284405117045	0.2656166937063198	49.971569311829356
1979-11-01 00:00	9.604174654535178	20.85025194118047	0.046496422025585224	0.2018578867152196	92.25442357064888
1979-12-01 00:00	8.957607286548047	16.70906958582722	0.023248211012792612	0.16307352923346355	109.83535108482167
1980-01-01 00:00	9.33255896071047	15.65829644983638	0.011624105506396306	0.13746689190500017	133.65994573498529
1980-02-01 00:00	10.507190826128427	18.926191280512374	0.005812052753198153	0.11907056051194162	142.0528653544729
1980-03-01 00:00	11.991759950871064	35.60095971041479	0.0029060263765990765	0.10483868335946821	165.60568374405813
1980-04-01 00:00	13.65051396297922	64.168507074105	0.0014530131882995382	0.09319240447288175	174.87139606995314
1980-05-01 00:00	15.050936226789666	113.71442770051048	7.265065941497691E-4	3.7080555956945402	200.0
1980-06-01 00:00	15.799406660430348	189.3214340836848	3.6325329707488456E-4	3.336959433487426	87.3019027163152
1980-07-01 00:00	15.442932668826764	238.59479161191194	1.8162664853744228E-4	3.0031181888198533	0.0
1980-08-01 00:00	14.182514991311116	187.91273040158293	9.081332426872114E-5	2.702733719278453	0.0
1980-09-01 00:00	12.557289510138974	104.32116265347837	4.540666213436057E-5	2.4324240220209004	0.0
1980-10-01 00:00	10.972153042310678	47.34010148408641	2.2703331067180285E-5	2.1891634571539567	0.0
1980-11-01 00:00	9.604174654535178	23.404924270193618	1.1351665533590143E-5	1.970238030106134	3.3497411298063824
1980-12-01 00:00	8.957607286548047	17.02537540537827	5.675832766795071E-6	1.7732096864293072	30.238142124428116
1981-01-01 00:00	9.33255896071047	16.256732291972774	2.8379163833975356E-6	1.59588644745327	28.834208891996077
1981-02-01 00:00	10.507190826128427	21.791166319733282	1.4189581916987678E-6	1.4362966675413895	47.3161519722628
1981-03-01 00:00	11.991759950871064	40.84431741625607	7.094790958493839E-7	1.292666433203974	72.45537795600674
1981-04-01 00:00	13.65051396297922	84.52675500477895	3.5473954792469196E-7	1.1633995060919382	62.097767377105555
1981-05-01 00:00	15.050936226789666	106.63306524931366	1.7736977396234598E-7	1.0470594135869253	93.6971391277919
1981-06-01 00:00	15.799406660430348	178.964437716582	8.868488698117299E-8	0.9423534012803231	60.375001181120254
1981-07-01 00:00	15.442932668826764	207.2503161098717	4.4342443490586494E-8	0.8481180256783359	28.030274294565636
1981-08-01 00:00	14.182514991311116	148.04932221630395	2.2171221745293247E-8	0.763306205373525	19.344876819756138
1981-09-01 00:00	12.557289510138974	93.14807648507447	1.1085610872646624E-8	0.6869755759676839	15.439869883132864
1981-10-01 00:00	10.972153042310678	47.55801714075738	5.542805436323312E-9	0.6182780139366711	148.2218647423755
1981-11-01 00:00	9.604174654535178	24.921024044206487	2.771402718161656E-9	0.5564502103258818	195.352163598169
1981-12-01 00:00	8.957607286548047	15.353931258288334	1.385701359080828E-9	0.5008051881847325	188.37685693883208
1982-01-01 00:00	9.33255896071047	14.382872016726033	6.92850679540414E-10	4.329944941022585	200.0
1982-02-01 00:00	10.507190826128427	17.506831545155613	3.46425339770207E-10	5.657111712127625	200.0
1982-03-01 00:00	11.991759950871064	41.98545607952042	1.732126698851035E-10	5.270121242824249	200.0
1982-04-01 00:00	13.65051396297922	62.80787286586002	8.660633494255175E-11	4.74310911847254	181.50101463413998
1982-05-01 00:00	15.050936226789666	116.0445261539329	4.3303167471275873E-11	17.422357254611345	200.0
1982-06-01 00:00	15.799406660430348	145.7730549109477	2.1651583735637937E-11	15.680121529132892	178.9409420890523
1982-07-01 00:00	15.442932668826764	193.4537936548488	1.0825791867818968E-11	14.112109376210942	72.84663988319414
1982-08-01 00:00	14.182514991311116	172.7386937816899	5.412895933909484E-12	12.700898438585517	21.89477738478852
1982-09-01 00:00	12.557289510138974	94.25977706485408	2.706447966954742E-12	11.430808594724802	15.366727863978234
1982-10-01 00:00	10.972153042310678	48.62549123523053	1.353223983477371E-12	10.28772773525124	14.3802059682917
1982-11-01 00:00	9.604174654535178	23.262041842439473	6.766119917386855E-13	9.258954961725573	75.38971712585223
1982-12-01 00:00	8.957607286548047	16.71546593984182	3.3830599586934276E-13	8.333059465552745	135.2411456860104
1983-01-01 00:00	9.33255896071047	15.521070458374217	1.6915299793467138E-13	7.499753518997335	151.4418522276362
1983-02-01 00:00	10.507190826128427	20.309421731959652	8.457649896733569E-14	6.749778167097534	193.24953789567655
1983-03-01 00:00	11.991759950871064	36.679738248201815	4.2288249483667845E-14	9.233247445135223	200.0
1983-04-01 00:00	13.65051396297922	55.84535657872277	2.1144124741833923E-14	9.603142012749409	200.0
1983-05-01 00:00	15.050936226789666	103.97333630745288	1.0572062370916961E-14	13.979383980729171	200.0
1983-06-01 00:00	15.799406660430348	148.30532409293997	5.286031185458481E-15	12.581445582656249	160.37845990706003
1983-07-01 00:00	15.442932668826764	197.41783796339777	2.6430155927292403E-15	11.323301024390622	19.541888994830174
1983-08-01 00:00	14.182514991311116	183.29578613147527	1.3215077963646202E-15	10.19097092195156	5.360404480105057
1983-09-01 00:00	12.557289510138974	98.99229952999698	6.607538981823101E-16	9.171873829756402	4.042278927085496
1983-10-01 00:00	10.972153042310678	51.38051633716281	3.3037694909115504E-16	8.254686446780763	111.83508758992268
1983-11-01 00:00	9.604174654535178	25.12212300456185	1.6518847454557752E-16	7.429217802102686	145.92318108536082
1983-12-01 00:00	8.957607286548047	0.0	0.0	6.686296021892417	145.92318108536082
1984-01-01 00:00	9.33255896071047	13.674318598153013	13.2926655	19.310331919703174	149.8595306872078
1984-02-01 00:00	10.507190826128427	23.976281840954925	6.64633275	12.062232527732858	177.41702034625288
1984-03-01 00:00	11.991759950871064	35.50571160396082	3.323166375	13.43196264918878	200.0
1984-04-01 00:00	13.65051396297922	61.382049189006146	1.6615831875	11.671205655369288	200.0
1984-05-01 00:00	15.050936226789666	115.60124670331429	0.83079159375	9.839451814832358	165.36830439668572
1984-06-01 00:00	15.799406660430348	179.99471391650536	0.415395796875	8.523189995849124	78.16973613598927
1984-07-01 00:00	15.442932668826764	193.8242978058495	0.2076978984375	7.5047126775142114	15.793904783420615
1984-08-01 00:00	14.182514991311116	165.49082891390663	0.10384894921875	6.671162250387791	6.045928592965527
1984-09-01 00:00	12.557289510138974	88.0523493851301	0.051924474609375	5.962506445661513	5.019621688797461
1984-10-01 00:00	10.972153042310678	48.365656345414486	0.0259622373046875	5.345486011251611	102.70396834338297
1984-11-01 00:00	9.604174654535178	23.87537699292381	0.01298111865234375	4.800552515204576	149.24302765045917
1984-12-01 00:00	8.957607286548047	17.798247748109592	0.006490559326171875	9.922716106458143	200.0
1985-01-01 00:00	9.33255896071047	12.710401371875992	0.0	8.924602992418773	200.0
1985-02-01 00:00	10.507190826128427	17.49343523080157	22.044802579663088	37.386935549759826	200.0
1985-03-01 00:00	11.991759950871064	44.43223538926936	11.022401289831544	32.77947562399167	200.0
1985-04-01 00:00	13.65051396297922	75.07035932625789	5.511200644915772	29.3203308130341	200.0
1985-05-01 00:00	15.050936226789666	122.85425223686643	2.755600322457886	24.183817473764385	146.48775066313357
1985-06-01 00:00	15.799406660430348	163.3835284276642	1.377800161228943	20.66319559740479	135.2183026685077
1985-07-01 00:00	15.442932668826764	193.75016403647527	0.6889000806144715	18.045755973172735	37.826755880877386
1985-08-01 00:00	14.182514991311116	164.3547417226864	0.34445004030723575	15.965620343609674	19.22144225131604
1985-09-01 00:00	12.557289510138974	93.82786339157117	0.17222502015361787	14.231278293125815	39.10091485974487
1985-10-01 00:00	10.972153042310678	48.774598890800156	0.08611251007680894	12.739260455751786	132.05831096894474
1985-11-01 00:00	9.604174654535178	22.285999059459456	0.04305625503840447	11.947231167094413	200.0
1985-12-01 00:00	8.957607286548047	13.054069099207359	0.021528127519202234	12.407323098448876	200.0
1986-01-01 00:00	9.33255896071047	18.953265525160234	0.010764063759601117	11.157979537596306	182.11917891483978
1986-02-01 00:00	10.507190826128427	23.291701988391765	0.005382031879800559	10.037875958332837	199.41103022644802
1986-03-01 00:00	11.991759950871064	47.32853691856815	0.0026910159399002793	9.031935549747633	189.87200077603467
1986-04-01 00:00	13.65051396297922	77.2268408279428	0.0013455079699501396	9.532425883206097	200.0
1986-05-01 00:00	15.050936226789666	119.058626946756	6.727539849750698E-4	10.930648297021907	200.0
1986-06-01 00:00	15.799406660430348	174.30028226208196	3.363769924875349E-4	9.837314365725726	143.16060973791804
1986-07-01 00:00	15.442932668826764	217.07349461750306	1.6818849624376746E-4	8.853448378356157	17.697237619073135
1986-08-01 00:00	14.182514991311116	150.44831584025286	8.409424812188373E-5	7.968036265122045	13.719461300111009
1986-09-01 00:00	12.557289510138974	97.37654589815664	4.2047124060941864E-5	7.171199000910593	97.44490540195437
1986-10-01 00:00	10.972153042310678	47.996865668916215	2.1023562030470932E-5	7.321842955273724	200.0
1986-11-01 00:00	9.604174654535178	21.27749946705568	1.0511781015235466E-5	13.182566043615974	200.0
1986-12-01 00:00	8.957607286548047	15.934634839407638	5.255890507617733E-6	13.149508440601206	200.0
1987-01-01 00:00	9.33255896071047	14.841402338971768	2.6279452538088665E-6	15.915837320287705	200.0
1987-02-01 00:00	10.507190826128427	23.193852369447715	1.3139726269044332E-6	21.312556200136065	200.0
1987-03-01 00:00	11.991759950871064	38.55081988715028	6.569863134522166E-7	23.174818075818376	200.0
1987-04-01 00:00	13.65051396297922	69.67185248588397	3.284931567261083E-7	20.85733600544202	147.37437021411603
1987-05-01 00:00	15.050936226789666	129.86458958420042	1.6424657836305416E-7	21.048604236492118	200.0
1987-06-01 00:00	15.799406660430348	165.84046067114733	8.212328918152708E-8	18.943743747144275	142.02488032885267
1987-07-01 00:00	15.442932668826764	181.8238457844484	4.106164459076354E-8	17.04936933958053	63.19092358259644
1987-08-01 00:00	14.182514991311116	163.53904697839323	2.053082229538177E-8	15.34443238919782	37.70906270731345
1987-09-01 00:00	12.557289510138974	87.24725769720726	1.0265411147690885E-8	13.809989142065712	63.12492101010619
1987-10-01 00:00	10.972153042310678	45.11143266182508	5.132705573845442E-9	12.428990223752976	62.916156839949814
1987-11-01 00:00	9.604174654535178	24.4580355368757	2.566352786922721E-9	11.186091199324595	115.95634370307411
1987-12-01 00:00	8.957607286548047	15.242685676655748	1.2831763934613606E-9	12.27158178100743	200.0
1988-01-01 00:00	9.33255896071047	13.36900899593576	6.415881967306803E-10	12.913567092799841	200.0
1988-02-01 00:00	10.507190826128427	20.105951222305876	3.2079409836534015E-10	11.622210383263221	199.9882698776941
1988-03-01 00:00	11.991759950871064	37.820140439612636	1.6039704918267007E-10	17.762491788616728	200.0
1988-04-01 00:00	13.65051396297922	64.90948386872032	8.019852459133504E-11	19.30533755281887	200.0
1988-05-01 00:00	15.050936226789666	118.33178388723258	4.009926229566752E-11	17.374803797504903	114.65999541276742
1988-06-01 00:00	15.799406660430348	173.96705818730248	2.004963114783376E-11	15.63732341773837	45.56922469516954
1988-07-01 00:00	15.442932668826764	191.83174457224467	1.002481557391688E-11	14.073591075956514	22.135918012667474
1988-08-01 00:00	14.182514991311116	167.91524023263398	5.01240778695844E-12	12.666231968356856	8.236563901175852
1988-09-01 00:00	12.557289510138974	91.13807973217865	2.50620389347922E-12	11.399608771519166	44.23959716899721
1988-10-01 00:00	10.972153042310678	44.80172079166906	1.25310194673961E-12	10.259647894366246	44.90387597732815
1988-11-01 00:00	9.604174654535178	24.844838733799243	6.26550973369805E-13	9.23368310492912	89.9372644435289
1988-12-01 00:00	8.957607286548047	16.831013029739292	3.132754866849025E-13	8.310314794435959	110.30313941378961
1989-01-01 00:00	9.33255896071047	18.31154851587514	1.5663774334245124E-13	7.479283314992237	141.09826129791446
1989-02-01 00:00	10.507190826128427	15.183673718153813	7.831887167122562E-14	6.7313549834929525	195.42591727976065
1989-03-01 00:00	11.991759950871064	40.43990421150581	3.915943583561281E-14	9.492909351969113	200.0
1989-04-01 00:00	13.65051396297922	74.66921379438804	1.9579717917806406E-14	8.543618416772185	141.16345260561195
1989-05-01 00:00	15.050936226789666	118.10555935855663	9.789858958903203E-15	7.689256575094959	172.83322324705532
1989-06-01 00:00	15.799406660430348	147.79534091703792	4.894929479451601E-15	9.588895750587199	200.0
1989-07-01 00:00	15.442932668826764	177.90035800653035	2.4474647397258007E-15	8.630006175528477	100.13408869346965
1989-08-01 00:00	14.182514991311116	147.37091871319515	1.2237323698629003E-15	7.767005557975628	74.10933266080339
1989-09-01 00:00	12.557289510138974	79.19541741178737	6.118661849314502E-16	6.990305002178066	114.63258924901601
1989-10-01 00:00	10.972153042310678	51.71590351971821	3.059330924657251E-16	6.291274501960259	108.96367830260522
1989-11-01 00:00	9.604174654535178	25.218456754837774	1.5296654623286254E-16	5.662147051764233	97.31533334040456
1989-12-01 00:00	8.957607286548047	11.553789942747358	0.0	5.0959323465878095	97.15897429198567
1990-01-01 00:00	9.33255896071047	19.245645236665734	7.648327311643127E-17	4.586339111929028	156.37110795531993
1990-02-01 00:00	10.507190826128427	23.149516242977207	3.8241636558215636E-17	7.468753271970397	200.0
1990-03-01 00:00	11.991759950871064	40.85994321701444	1.9120818279107818E-17	17.136461923071916	200.0
1990-04-01 00:00	13.65051396297922	66.26490704286978	9.560409139553909E-18	24.044791526477752	200.0
1990-05-01 00:00	15.050936226789666	110.58137667439915	4.7802045697769545E-18	27.650973506390063	200.0
1990-06-01 00:00	15.799406660430348	191.2878676953489	2.3901022848884772E-18	24.88587615575106	57.1979111046511
1990-07-01 00:00	15.442932668826764	184.06436077582478	1.1950511424442386E-18	22.397288540175953	25.913980968408723
1990-08-01 00:00	14.182514991311116	157.9414572550998	5.975255712221193E-19	20.15755968615836	13.03727902575105
1990-09-01 00:00	12.557289510138974	101.79702720525559	2.9876278561105966E-19	18.141803717542526	27.148920820495462
1990-10-01 00:00	10.972153042310678	46.425058178585154	1.4938139280552983E-19	16.327623345788272	31.410969741910307
1990-11-01 00:00	9.604174654535178	27.602245202788485	7.469069640276491E-20	14.694861011209447	72.36050523912182
1990-12-01 00:00	8.957607286548047	13.568543096735851	3.7345348201382457E-20	13.225374910088503	107.33418704238596
