This is pdfTeX, Version 3.141592-1.40.4 (MiKTeX 2.7) (preloaded format=pdflatex 2008.12.9)  17 APR 2009 14:24
entering extended mode
**D:/HiWi/TLUG/Katalog/regionWK.tex
(D:/HiWi/TLUG/Katalog/regionWK.tex
LaTeX2e <2005/12/01>
Babel <v3.8h> and hyphenation patterns for english, dumylang, nohyphenation, ge
rman, ngerman, french, loaded.
("C:\Programme\MiKTeX 2.7\tex\latex\koma-script\scrartcl.cls"
Document Class: scrartcl 2008/11/23 v3.01a KOMA-Script document class (article)

("C:\Programme\MiKTeX 2.7\tex\latex\koma-script\scrkbase.sty"
Package: scrkbase 2008/11/23 v3.01a KOMA-Script package (KOMA-Script-dependent 
basics and keyval usage)

("C:\Programme\MiKTeX 2.7\tex\latex\koma-script\scrbase.sty"
Package: scrbase 2008/11/23 v3.01a KOMA-Script package (KOMA-Script-independent
 basics and keyval usage)

("C:\Programme\MiKTeX 2.7\tex\latex\graphics\keyval.sty"
Package: keyval 1999/03/16 v1.13 key=value parser (DPC)
\KV@toks@=\toks14
)
("C:\Programme\MiKTeX 2.7\tex\latex\koma-script\scrlfile.sty"
Package: scrlfile 2008/07/09 v3.00 KOMA-Script package (loading files)

Package scrlfile, 2008/07/09 v3.00 KOMA-Script package (loading files)
                  Copyright (C) Markus Kohm

))) ("C:\Programme\MiKTeX 2.7\tex\latex\koma-script\tocbasic.sty"
Package: tocbasic 2008/11/13 v3.01(package)
)
Package tocbasic Info: omitting babel extension for `toc'
(tocbasic)             because of feature `nobabel' available
(tocbasic)             for `toc' on input line 112.
Package tocbasic Info: omitting babel extension for `lof'
(tocbasic)             because of feature `nobabel' available
(tocbasic)             for `lof' on input line 113.
Package tocbasic Info: omitting babel extension for `lot'
(tocbasic)             because of feature `nobabel' available
(tocbasic)             for `lot' on input line 114.
Package scrartcl Info: You've used obsolete option `12pt'.
(scrartcl)             \KOMAExecuteOptions{fontsize=12pt} will be
(scrartcl)             used instead.
(scrartcl)             You may simply replace `12pt'
(scrartcl)             by `fontsize=12pt'.
Class scrartcl Info: File `scrsize12pt.clo' used to setup font sizes on input l
ine 1155.

("C:\Programme\MiKTeX 2.7\tex\latex\koma-script\scrsize12pt.clo"
File: scrsize12pt.clo 2008/11/23 v3.01a KOMA-Script font size class option (12p
t)
)
("C:\Programme\MiKTeX 2.7\tex\latex\koma-script\typearea.sty"
Package: typearea 2008/11/23 v3.01a KOMA-Script package (type area)

Package typearea, 2008/11/23 v3.01a KOMA-Script package (type area)
                  Copyright (C) Frank Neukam, 1992-1994
                  Copyright (C) Markus Kohm, 1994-

\ta@bcor=\skip41
\ta@div=\count79
\ta@hblk=\skip42
\ta@vblk=\skip43
\ta@temp=\skip44
Package typearea Info: These are the values describing the layout:
(typearea)             DIV  = 12
(typearea)             BCOR = 0.0pt
(typearea)             \paperwidth      = 597.50793pt
(typearea)              \textwidth      = 448.13095pt
(typearea)              DIV departure   = -6%
(typearea)              \evensidemargin = 2.4185pt
(typearea)              \oddsidemargin  = 2.4185pt
(typearea)             \paperheight     = 845.04694pt
(typearea)              \textheight     = 635.5pt
(typearea)              \topmargin      = -41.72441pt
(typearea)              \headheight     = 18.125pt
(typearea)              \headsep        = 21.75pt
(typearea)              \topskip        = 12.0pt
(typearea)              \footskip       = 50.75pt
(typearea)              \baselineskip   = 14.5pt
(typearea)              on input line 957.
)
\c@part=\count80
\c@section=\count81
\c@subsection=\count82
\c@subsubsection=\count83
\c@paragraph=\count84
\c@subparagraph=\count85
\abovecaptionskip=\skip45
\belowcaptionskip=\skip46
\c@pti@nb@sid@b@x=\box26
\c@figure=\count86
\c@table=\count87
\bibindent=\dimen102
) ("C:\Programme\MiKTeX 2.7\tex\latex\geometry\geometry.sty"
Package: geometry 2002/07/08 v3.2 Page Geometry
\Gm@cnth=\count88
\Gm@cntv=\count89
\c@Gm@tempcnt=\count90
\Gm@bindingoffset=\dimen103
\Gm@wd@mp=\dimen104
\Gm@odd@mp=\dimen105
\Gm@even@mp=\dimen106
\Gm@dimlist=\toks15

("C:\Programme\MiKTeX 2.7\tex\latex\geometry\geometry.cfg"))
("C:\Programme\MiKTeX 2.7\tex\latex\setspace\setspace.sty"
Package: setspace 2000/12/01 6.7 Contributed and Supported LaTeX2e package

Package: `setspace' 6.7 <2000/12/01>
) ("C:\Programme\MiKTeX 2.7\tex\latex\base\inputenc.sty"
Package: inputenc 2006/05/05 v1.1b Input encoding file
\inpenc@prehook=\toks16
\inpenc@posthook=\toks17

("C:\Programme\MiKTeX 2.7\tex\latex\base\latin1.def"
File: latin1.def 2006/05/05 v1.1b Input encoding file
))
("C:\Programme\MiKTeX 2.7\tex\generic\babel\babel.sty"
Package: babel 2005/11/23 v3.8h The Babel package

*************************************
* Local config file bblopts.cfg used
*
("C:\Programme\MiKTeX 2.7\tex\latex\00miktex\bblopts.cfg"
File: bblopts.cfg 2006/07/31 v1.0 MiKTeX 'babel' configuration
)
("C:\Programme\MiKTeX 2.7\tex\generic\babel\ngermanb.ldf"
Language: ngermanb 2004/02/20 v2.6m new German support from the babel system

("C:\Programme\MiKTeX 2.7\tex\generic\babel\babel.def"
File: babel.def 2005/11/23 v3.8h Babel common definitions
\babel@savecnt=\count91
\U@D=\dimen107
)
\l@naustrian = a dialect from \language\l@ngerman 
Package babel Info: Making " an active character on input line 92.
))
("C:\Programme\MiKTeX 2.7\tex\latex\natbib\natbib.sty"
Package: natbib 2007/10/30 8.1 (PWD)
\bibhang=\skip47
\bibsep=\skip48
LaTeX Info: Redefining \cite on input line 602.
\c@NAT@ctr=\count92
)
("C:\Programme\MiKTeX 2.7\tex\latex\amsmath\amsmath.sty"
Package: amsmath 2000/07/18 v2.13 AMS math features
\@mathmargin=\skip49

For additional information on amsmath, use the `?' option.
("C:\Programme\MiKTeX 2.7\tex\latex\amsmath\amstext.sty"
Package: amstext 2000/06/29 v2.01

("C:\Programme\MiKTeX 2.7\tex\latex\amsmath\amsgen.sty"
File: amsgen.sty 1999/11/30 v2.0
\@emptytoks=\toks18
\ex@=\dimen108
))
("C:\Programme\MiKTeX 2.7\tex\latex\amsmath\amsbsy.sty"
Package: amsbsy 1999/11/29 v1.2d
\pmbraise@=\dimen109
)
("C:\Programme\MiKTeX 2.7\tex\latex\amsmath\amsopn.sty"
Package: amsopn 1999/12/14 v2.01 operator names
)
\inf@bad=\count93
LaTeX Info: Redefining \frac on input line 211.
\uproot@=\count94
\leftroot@=\count95
LaTeX Info: Redefining \overline on input line 307.
\classnum@=\count96
\DOTSCASE@=\count97
LaTeX Info: Redefining \ldots on input line 379.
LaTeX Info: Redefining \dots on input line 382.
LaTeX Info: Redefining \cdots on input line 467.
\Mathstrutbox@=\box27
\strutbox@=\box28
\big@size=\dimen110
LaTeX Font Info:    Redeclaring font encoding OML on input line 567.
LaTeX Font Info:    Redeclaring font encoding OMS on input line 568.
\macc@depth=\count98
\c@MaxMatrixCols=\count99
\dotsspace@=\muskip10
\c@parentequation=\count100
\dspbrk@lvl=\count101
\tag@help=\toks19
\row@=\count102
\column@=\count103
\maxfields@=\count104
\andhelp@=\toks20
\eqnshift@=\dimen111
\alignsep@=\dimen112
\tagshift@=\dimen113
\tagwidth@=\dimen114
\totwidth@=\dimen115
\lineht@=\dimen116
\@envbody=\toks21
\multlinegap=\skip50
\multlinetaggap=\skip51
\mathdisplay@stack=\toks22
LaTeX Info: Redefining \[ on input line 2666.
LaTeX Info: Redefining \] on input line 2667.
)
("C:\Programme\MiKTeX 2.7\tex\latex\graphics\graphicx.sty"
Package: graphicx 1999/02/16 v1.0f Enhanced LaTeX Graphics (DPC,SPQR)

("C:\Programme\MiKTeX 2.7\tex\latex\graphics\graphics.sty"
Package: graphics 2006/02/20 v1.0o Standard LaTeX Graphics (DPC,SPQR)

("C:\Programme\MiKTeX 2.7\tex\latex\graphics\trig.sty"
Package: trig 1999/03/16 v1.09 sin cos tan (DPC)
)
("C:\Programme\MiKTeX 2.7\tex\latex\00miktex\graphics.cfg"
File: graphics.cfg 2007/01/18 v1.5 graphics configuration of teTeX/TeXLive
)
Package graphics Info: Driver file: pdftex.def on input line 90.

("C:\Programme\MiKTeX 2.7\tex\latex\graphics\pdftex.def"
File: pdftex.def 2007/06/12 v0.04h Graphics/color for pdfTeX
\Gread@gobject=\count105
))
\Gin@req@height=\dimen117
\Gin@req@width=\dimen118
) (regionWK.aux
(AP1.aux

Package natbib Warning: Citation `JAMSWiki' multiply defined.


Package natbib Warning: Citation `JAMSWiki' multiply defined.

) (AP2.aux

Package natbib Warning: Citation `DVWK' multiply defined.


Package natbib Warning: Citation `DVWK' multiply defined.


Package natbib Warning: Citation `JAMSWiki' multiply defined.


Package natbib Warning: Citation `DVWK' multiply defined.

) (AP3.aux

Package natbib Warning: Citation `k01' multiply defined.


Package natbib Warning: Citation `k01' multiply defined.


Package natbib Warning: Citation `Richter' multiply defined.

) (AP4.aux

Package natbib Warning: Citation `JAMSWiki' multiply defined.

) (AP5.aux))
LaTeX Font Info:    Checking defaults for OML/cmm/m/it on input line 22.
LaTeX Font Info:    ... okay on input line 22.
LaTeX Font Info:    Checking defaults for T1/cmr/m/n on input line 22.
LaTeX Font Info:    ... okay on input line 22.
LaTeX Font Info:    Checking defaults for OT1/cmr/m/n on input line 22.
LaTeX Font Info:    ... okay on input line 22.
LaTeX Font Info:    Checking defaults for OMS/cmsy/m/n on input line 22.
LaTeX Font Info:    ... okay on input line 22.
LaTeX Font Info:    Checking defaults for OMX/cmex/m/n on input line 22.
LaTeX Font Info:    ... okay on input line 22.
LaTeX Font Info:    Checking defaults for U/cmr/m/n on input line 22.
LaTeX Font Info:    ... okay on input line 22.
-------------------- Geometry parameters
paper: a4paper
landscape: --
twocolumn: --
twoside: --
asymmetric: --
h-parts: 89.62709pt, 0.7\paperwidth , 89.6271pt (default)
v-parts: 101.40665pt, 0.7\paperheight , 152.11pt (default)
hmarginratio: 1:1
vmarginratio: 2:3
lines: --
heightrounded: --
bindingoffset: 0.0pt
truedimen: --
includehead: --
includefoot: --
includemp: --
driver: pdftex
-------------------- Page layout dimensions and switches
\paperwidth  597.50787pt
\paperheight 845.04684pt
\textwidth  419.67815pt
\textheight 711.3189pt
\oddsidemargin  17.3571pt
\evensidemargin 17.3571pt
\topmargin  -10.73834pt
\headheight 18.125pt
\headsep    21.75pt
\footskip   28.0pt
\marginparwidth 49.79233pt
\marginparsep   12.8401pt
\columnsep  10.0pt
\skip\footins  10.8pt plus 4.0pt minus 2.0pt
\hoffset 27.31465pt
\voffset -27.31465pt
\mag 1000

(1in=72.27pt, 1cm=28.45pt)
-----------------------
 ("C:\Programme\MiKTeX 2.7\tex\context\base\supp-pdf.tex"
[Loading MPS to PDF converter (version 2006.09.02).]
\scratchcounter=\count106
\scratchdimen=\dimen119
\scratchbox=\box29
\nofMPsegments=\count107
\nofMParguments=\count108
\MPscratchCnt=\count109
\MPscratchDim=\dimen120
\MPnumerator=\count110
\everyMPtoPDFconversion=\toks23
) [1

{C:/Dokumente und Einstellungen/All Users/Anwendungsdaten/MiKTeX/2.7/pdftex/con
fig/pdftex.map}] (regionWK.toc
Class scrartcl Info: You've told me to use the font selection of the element
(scrartcl)           `sectioning' that is an alias of element `disposition'
(scrartcl)            on input line 2.
Class scrartcl Info: You've told me to use the font selection of the element
(scrartcl)           `sectioning' that is an alias of element `disposition'
(scrartcl)            on input line 8.
Class scrartcl Info: You've told me to use the font selection of the element
(scrartcl)           `sectioning' that is an alias of element `disposition'
(scrartcl)            on input line 14.
Class scrartcl Info: You've told me to use the font selection of the element
(scrartcl)           `sectioning' that is an alias of element `disposition'
(scrartcl)            on input line 18.
Class scrartcl Info: You've told me to use the font selection of the element
(scrartcl)           `sectioning' that is an alias of element `disposition'
(scrartcl)            on input line 20.
)
\tf@toc=\write3
 [2] (AP1.tex
Underfull \hbox (badness 10000) in paragraph at lines 13--18

 []


LaTeX Warning: Command \textdegree invalid in math mode on input line 39.


Underfull \hbox (badness 10000) in paragraph at lines 36--41

 []


LaTeX Warning: Command \textdegree invalid in math mode on input line 46.


Underfull \hbox (badness 10000) in paragraph at lines 47--47
[]\OT1/cmr/m/n/12 absoluter Ab-stand zwi-schen ver-wen-de-ten
 []


Overfull \hbox (8.89038pt too wide) in paragraph at lines 44--51
[] 
 []


Underfull \hbox (badness 10000) in paragraph at lines 44--51

 []

[3

]
Underfull \hbox (badness 10000) in paragraph at lines 60--60
[]\OT1/cmr/m/n/12 Array von Relative-Luftfeuchte-
 []


Underfull \hbox (badness 3029) in paragraph at lines 63--63
[]\OT1/cmr/m/n/12 Bestimmtheitsma f[]ur Absolute-Luftfeuchte-
 []


Overfull \hbox (5.11752pt too wide) in paragraph at lines 54--65
[] 
 []


Underfull \hbox (badness 10000) in paragraph at lines 54--65

 []

[4]
Overfull \hbox (24.7592pt too wide) in paragraph at lines 84--85
[]$
 []


LaTeX Warning: Command \textdegree invalid in math mode on input line 97.


Underfull \hbox (badness 10000) in paragraph at lines 91--102

 []


Underfull \hbox (badness 10000) in paragraph at lines 106--112

 []

[5]
Underfull \hbox (badness 10000) in paragraph at lines 114--118

 []

[6]
Underfull \hbox (badness 10000) in paragraph at lines 135--139

 []


Underfull \hbox (badness 10000) in paragraph at lines 142--145

 []

[7]
Underfull \hbox (badness 3769) in paragraph at lines 166--166
[]\OT1/cmr/m/n/12 astronomisch m[]ogliche So-lar-strah-lung oh-ne
 []


Underfull \hbox (badness 10000) in paragraph at lines 160--168

 []


Overfull \hbox (24.7592pt too wide) in paragraph at lines 173--174
[]$
 []


LaTeX Warning: Command \textdegree invalid in math mode on input line 180.


Underfull \hbox (badness 10000) in paragraph at lines 179--186

 []


Underfull \hbox (badness 1270) in paragraph at lines 191--191
[]\OT1/cmr/m/n/12 astronomisch m[]ogliche So-lar-strah-
 []


Underfull \hbox (badness 10000) in paragraph at lines 188--194

 []

[8]
Underfull \hbox (badness 10000) in paragraph at lines 196--200

 []

[9]
Overfull \hbox (24.7592pt too wide) in paragraph at lines 212--213
[]$
 []


Underfull \hbox (badness 10000) in paragraph at lines 218--222

 []

)
Underfull \hbox (badness 10000) in paragraph at lines 224--50

 []

[10] (AP2.tex
Overfull \hbox (4.80304pt too wide) in paragraph at lines 7--8
\OT1/cmr/m/n/12 Glo-bal-strah-lung be-rech-net. Zus[]atzlich wird die Ent-fer-n
ung zur K[]uste ber[]ucksichtigt.
 []


LaTeX Warning: Command \textdegree invalid in math mode on input line 17.


Underfull \hbox (badness 10000) in paragraph at lines 14--20

 []


LaTeX Warning: Command \textdegree invalid in math mode on input line 31.


Underfull \hbox (badness 10000) in paragraph at lines 29--35

 []


Underfull \hbox (badness 10000) in paragraph at lines 37--41

 []

[11


]
Underfull \hbox (badness 10000) in paragraph at lines 56--62

 []


LaTeX Warning: Command \textdegree invalid in math mode on input line 75.


Underfull \hbox (badness 10000) in paragraph at lines 73--80

 []


Underfull \hbox (badness 10000) in paragraph at lines 83--87

 []

[12]
Underfull \hbox (badness 10000) in paragraph at lines 90--96

 []

[13]
Underfull \hbox (badness 1584) in paragraph at lines 119--119
[]\OT1/cmr/m/n/12 Verh[]altnis der astro-no-misch m[]oglichen
 []


Overfull \hbox (2.85893pt too wide) in paragraph at lines 109--123
[][] 
 []


Underfull \hbox (badness 10000) in paragraph at lines 109--123

 []

[14]

LaTeX Warning: Command \textdegree invalid in math mode on input line 146.


LaTeX Warning: Command \textdegree invalid in math mode on input line 151.


Underfull \hbox (badness 10000) in paragraph at lines 141--153

 []


Underfull \hbox (badness 10000) in paragraph at lines 158--158
[]\OT1/cmr/m/n/12 Steigung der
 []


Underfull \hbox (badness 10000) in paragraph at lines 169--169
[]\OT1/cmr/m/n/12 Verh[]altnis der astro-no-misch
 []


Overfull \hbox (16.52942pt too wide) in paragraph at lines 156--171
[] 
 []


Underfull \hbox (badness 10000) in paragraph at lines 156--171

 []


Underfull \hbox (badness 10000) in paragraph at lines 174--180

 []

[15]
Underfull \hbox (badness 2717) in paragraph at lines 206--206
[]\OT1/cmr/m/n/12 Oberfl[]achenwiderstand der Bo-den-be-de-
 []


Overfull \hbox (2.85893pt too wide) in paragraph at lines 194--210
[][] 
 []


Underfull \hbox (badness 10000) in paragraph at lines 194--210

 []

[16]
Overfull \hbox (24.7592pt too wide) in paragraph at lines 220--221
[]$
 []


LaTeX Warning: Command \textdegree invalid in math mode on input line 236.


Underfull \hbox (badness 10000) in paragraph at lines 231--245

 []


Underfull \hbox (badness 10000) in paragraph at lines 248--262

 []


Underfull \hbox (badness 10000) in paragraph at lines 265--272

 []

[17] [18]

LaTeX Warning: Command \textdegree invalid in math mode on input line 295.


Underfull \hbox (badness 10000) in paragraph at lines 289--301

 []


Underfull \hbox (badness 10000) in paragraph at lines 306--307
[]$ \OT1/cmr/m/n/12 (Stand:
 []


LaTeX Warning: Command \textdegree invalid in math mode on input line 318.


Underfull \hbox (badness 10000) in paragraph at lines 313--324

 []

[19]
Overfull \hbox (16.28168pt too wide) in paragraph at lines 327--341
[] 
 []


Underfull \hbox (badness 10000) in paragraph at lines 327--341

 []


Underfull \hbox (badness 10000) in paragraph at lines 344--349

 []

[20]) (AP3.tex

LaTeX Font Warning: Font shape `OT1/cmss/bx/sc' undefined
(Font)              using `OT1/cmss/bx/n' instead on input line 2.


Overfull \hbox (13.61183pt too wide) in paragraph at lines 7--9
[]\OT1/cmr/m/n/12 Der Benetzungs- und Ver-duns-tungs-feh-ler ($\OML/cmm/m/it/12
 BV$\OT1/cmr/m/n/12 ) bei Hellmann-Niederschlagsmessern
 []

[21


]

LaTeX Warning: Command \textdegree invalid in math mode on input line 61.


Underfull \hbox (badness 10000) in paragraph at lines 58--64

 []


LaTeX Warning: Command \textdegree invalid in math mode on input line 68.


LaTeX Warning: Command \textdegree invalid in math mode on input line 69.


Overfull \hbox (1.70006pt too wide) in paragraph at lines 67--74
[] 
 []


Underfull \hbox (badness 10000) in paragraph at lines 67--74

 []

[22]
Underfull \hbox (badness 10000) in paragraph at lines 86--86
[]\OT1/cmr/m/n/12 Array von Niederschlags-Messstations-x-
 []


Underfull \hbox (badness 10000) in paragraph at lines 87--87
[]\OT1/cmr/m/n/12 Array von Niederschlags-Messstations-y-
 []


LaTeX Warning: Command \textdegree invalid in math mode on input line 91.


Underfull \hbox (badness 10000) in paragraph at lines 92--92
[]\OT1/cmr/m/n/12 halbe Brei-te des Temperatur-
 []


Underfull \hbox (badness 10000) in paragraph at lines 78--94

 []

[23]

LaTeX Warning: Command \textdegree invalid in math mode on input line 106.


LaTeX Warning: Command \textdegree invalid in math mode on input line 107.


LaTeX Warning: Command \textdegree invalid in math mode on input line 107.


LaTeX Warning: Command \textdegree invalid in math mode on input line 108.


LaTeX Warning: Command \textdegree invalid in math mode on input line 115.


Underfull \hbox (badness 1242) in paragraph at lines 116--116
[]\OT1/cmr/m/n/12 Lufttemperatur un-ter-halb de-rer mehr-heit-lich mit
 []


LaTeX Warning: Command \textdegree invalid in math mode on input line 116.


Underfull \hbox (badness 10000) in paragraph at lines 112--118

 []

[24]

LaTeX Warning: Command \textdegree invalid in math mode on input line 141.


Underfull \hbox (badness 10000) in paragraph at lines 138--145

 []


LaTeX Warning: Command \textdegree invalid in math mode on input line 149.


LaTeX Warning: Command \textdegree invalid in math mode on input line 151.


Overfull \hbox (36.15831pt too wide) in paragraph at lines 148--156
[] 
 []


Underfull \hbox (badness 10000) in paragraph at lines 148--156

 []


Underfull \hbox (badness 10000) in paragraph at lines 168--168
[]\OT1/cmr/m/n/12 Array von Niederschlags-Messstations-x-
 []


Underfull \hbox (badness 10000) in paragraph at lines 173--173
[]\OT1/cmr/m/n/12 Array von Niederschlags-Messstations-y-
 []


LaTeX Warning: Command \textdegree invalid in math mode on input line 178.


Underfull \hbox (badness 10000) in paragraph at lines 160--180

 []

[25] [26]
Overfull \hbox (24.03296pt too wide) in paragraph at lines 193--199
[][] 
 []


Underfull \hbox (badness 10000) in paragraph at lines 193--199

 []


Underfull \hbox (badness 10000) in paragraph at lines 209--215

 []

[27]) [28] (AP4.tex
Overfull \hbox (24.7592pt too wide) in paragraph at lines 24--25
[]$
 []


LaTeX Warning: Command \textdegree invalid in math mode on input line 32.


LaTeX Warning: Command \textdegree invalid in math mode on input line 34.


Underfull \hbox (badness 10000) in paragraph at lines 29--37

 []

[29


]
Underfull \hbox (badness 10000) in paragraph at lines 40--44

 []


Underfull \hbox (badness 10000) in paragraph at lines 46--51

 []

) [30] (AP5.tex
LaTeX Font Info:    Try loading font information for OMS+cmr on input line 9.
 ("C:\Programme\MiKTeX 2.7\tex\latex\base\omscmr.fd"
File: omscmr.fd 1999/05/25 v2.5h Standard LaTeX font definitions
)
LaTeX Font Info:    Font shape `OMS/cmr/m/n' in size <12> not available
(Font)              Font shape `OMS/cmsy/m/n' tried instead on input line 9.

Overfull \hbox (3.27441pt too wide) in paragraph at lines 15--16
[]\OT1/cmr/m/n/12 Zur Be-schrei-bung der Streu-ung der Zeitrei-he ste-hen fol-g
en-de Ma-e zur Verf[]ugung: 
 []


Overfull \hbox (4.10521pt too wide) in paragraph at lines 27--33
[][] 
 []


Underfull \hbox (badness 10000) in paragraph at lines 27--33

 []


Underfull \hbox (badness 10000) in paragraph at lines 36--42

 []

) [31


] [32]

Package natbib Warning: There were multiply defined citations.

(regionWK.aux (AP1.aux) (AP2.aux

Package natbib Warning: Citation(s) may have changed.
(natbib)                Rerun to get citations correct.

) (AP3.aux) (AP4.aux) (AP5.aux))

LaTeX Font Warning: Some font shapes were not available, defaults substituted.

 ) 
Here is how much of TeX's memory you used:
 3445 strings out of 95340
 44812 string characters out of 1184279
 130847 words of memory out of 1500000
 6576 multiletter control sequences out of 110000
 9452 words of font info for 34 fonts, out of 1200000 for 2000
 14 hyphenation exceptions out of 8191
 35i,15n,35p,1099b,232s stack positions out of 5000i,500n,10000p,200000b,5000s
<C:/Programme/MiKTeX 2.7/fonts/type1/bluesky/cm/cmbx12.pfb><C:/Programme/MiKT
eX 2.7/fonts/type1/bluesky/cm/cmcsc10.pfb><C:/Programme/MiKTeX 2.7/fonts/type1/
bluesky/cm/cmex10.pfb><C:/Programme/MiKTeX 2.7/fonts/type1/bluesky/cm/cmmi12.pf
b><C:/Programme/MiKTeX 2.7/fonts/type1/bluesky/cm/cmmi6.pfb><C:/Programme/MiKTe
X 2.7/fonts/type1/bluesky/cm/cmmi8.pfb><C:/Programme/MiKTeX 2.7/fonts/type1/blu
esky/cm/cmr12.pfb><C:/Programme/MiKTeX 2.7/fonts/type1/bluesky/cm/cmr8.pfb><C:/
Programme/MiKTeX 2.7/fonts/type1/bluesky/cm/cmssbx10.pfb><C:/Programme/MiKTeX 2
.7/fonts/type1/bluesky/cm/cmsy10.pfb><C:/Programme/MiKTeX 2.7/fonts/type1/blues
ky/cm/cmsy8.pfb>
Output written on regionWK.pdf (32 pages, 134834 bytes).
PDF statistics:
 149 PDF objects out of 1000 (max. 8388607)
 0 named destinations out of 1000 (max. 131072)
 1 words of extra memory for PDF output out of 10000 (max. 10000000)

